<?xml version="1.0" encoding="UTF-8"?>
<testsuite xmlns:xsi="http://www.w3.org/2001/XMLSchema-instance" xsi:noNamespaceSchemaLocation="https://maven.apache.org/surefire/maven-surefire-plugin/xsd/surefire-test-report.xsd" version="3.0.2" name="com.camerannonces.CamerannoncesBackendApplicationTests" time="14.089" tests="10" errors="0" skipped="0" failures="0">
  <properties>
[...]
</properties>
  <testcase name="testDatabaseConnection" classname="com.camerannonces.CamerannoncesBackendApplicationTests" time="0.625">
    <system-out><![CDATA[10:44:29.183 [main] INFO org.springframework.test.context.support.AnnotationConfigContextLoaderUtils -- Could not detect default configuration classes for test class [com.camerannonces.CamerannoncesBackendApplicationTests]: CamerannoncesBackendApplicationTests does not declare any static, non-private, non-final, nested classes annotated with @Configuration.
10:44:29.357 [main] INFO org.springframework.boot.test.context.SpringBootTestContextBootstrapper -- Found @SpringBootConfiguration com.camerannonces.CamerannoncesBackendApplication for test class com.camerannonces.CamerannoncesBackendApplicationTests
10:44:29.689 [main] INFO org.springframework.boot.devtools.restart.RestartApplicationListener -- Restart disabled due to context in which it is running

  .   ____          _            __ _ _
 /\\ / ___'_ __ _ _(_)_ __  __ _ \ \ \ \
( ( )\___ | '_ | '_| | '_ \/ _` | \ \ \ \
 \\/  ___)| |_)| | | | | || (_| |  ) ) ) )
  '  |____| .__|_| |_|_| |_\__, | / / / /
 =========|_|==============|___/=/_/_/_/

 :: Spring Boot ::                (v3.5.3)

2025-08-03T10:44:30.268+02:00  INFO 26728 --- [camerannonces-backend] [           main] c.c.CamerannoncesBackendApplicationTests : Starting CamerannoncesBackendApplicationTests using Java 22.0.2 with PID 26728 (started by Ngnimpea Durio in C:\Users\Ngnimpea Durio\Desktop\Mon Project\Cameranonces-project\backend\camerannonces-backend)
2025-08-03T10:44:30.270+02:00  INFO 26728 --- [camerannonces-backend] [           main] c.c.CamerannoncesBackendApplicationTests : The following 1 profile is active: "test"
2025-08-03T10:44:31.587+02:00  INFO 26728 --- [camerannonces-backend] [           main] .s.d.r.c.RepositoryConfigurationDelegate : Bootstrapping Spring Data JPA repositories in DEFAULT mode.
2025-08-03T10:44:31.698+02:00  INFO 26728 --- [camerannonces-backend] [           main] .s.d.r.c.RepositoryConfigurationDelegate : Finished Spring Data repository scanning in 91 ms. Found 8 JPA repository interfaces.
2025-08-03T10:44:33.059+02:00  INFO 26728 --- [camerannonces-backend] [           main] o.hibernate.jpa.internal.util.LogHelper  : HHH000204: Processing PersistenceUnitInfo [name: default]
2025-08-03T10:44:33.231+02:00  INFO 26728 --- [camerannonces-backend] [           main] org.hibernate.Version                    : HHH000412: Hibernate ORM core version 6.6.18.Final
2025-08-03T10:44:33.307+02:00  INFO 26728 --- [camerannonces-backend] [           main] o.h.c.internal.RegionFactoryInitiator    : HHH000026: Second-level cache disabled
2025-08-03T10:44:33.918+02:00  INFO 26728 --- [camerannonces-backend] [           main] o.s.o.j.p.SpringPersistenceUnitInfo      : No LoadTimeWeaver setup: ignoring JPA class transformer
2025-08-03T10:44:33.969+02:00  INFO 26728 --- [camerannonces-backend] [           main] com.zaxxer.hikari.HikariDataSource       : HikariPool-1 - Starting...
2025-08-03T10:44:34.315+02:00  INFO 26728 --- [camerannonces-backend] [           main] com.zaxxer.hikari.pool.HikariPool        : HikariPool-1 - Added connection org.postgresql.jdbc.PgConnection@ca2cd5e
2025-08-03T10:44:34.317+02:00  INFO 26728 --- [camerannonces-backend] [           main] com.zaxxer.hikari.HikariDataSource       : HikariPool-1 - Start completed.
2025-08-03T10:44:34.404+02:00  WARN 26728 --- [camerannonces-backend] [           main] org.hibernate.orm.deprecation            : HHH90000025: PostgreSQLDialect does not need to be specified explicitly using 'hibernate.dialect' (remove the property setting and it will be selected by default)
2025-08-03T10:44:34.449+02:00  INFO 26728 --- [camerannonces-backend] [           main] org.hibernate.orm.connections.pooling    : HHH10001005: Database info:
	Database JDBC URL [Connecting through datasource 'HikariDataSource (HikariPool-1)']
	Database driver: undefined/unknown
	Database version: 15.13
	Autocommit mode: undefined/unknown
	Isolation level: undefined/unknown
	Minimum pool size: undefined/unknown
	Maximum pool size: undefined/unknown
2025-08-03T10:44:36.128+02:00  INFO 26728 --- [camerannonces-backend] [           main] o.h.e.t.j.p.i.JtaPlatformInitiator       : HHH000489: No JTA platform available (set 'hibernate.transaction.jta.platform' to enable JTA platform integration)
2025-08-03T10:44:36.704+02:00  INFO 26728 --- [camerannonces-backend] [           main] j.LocalContainerEntityManagerFactoryBean : Initialized JPA EntityManagerFactory for persistence unit 'default'
2025-08-03T10:44:37.132+02:00  INFO 26728 --- [camerannonces-backend] [           main] o.s.d.j.r.query.QueryEnhancerFactory     : Hibernate is in classpath; If applicable, HQL parser will be used.
2025-08-03T10:44:40.583+02:00  WARN 26728 --- [camerannonces-backend] [           main] JpaBaseConfiguration$JpaWebConfiguration : spring.jpa.open-in-view is enabled by default. Therefore, database queries may be performed during view rendering. Explicitly configure spring.jpa.open-in-view to disable this warning
2025-08-03T10:44:41.041+02:00  WARN 26728 --- [camerannonces-backend] [           main] .s.s.UserDetailsServiceAutoConfiguration : 

Using generated security password: 70e62426-512f-454b-a862-3a12cc440c52

This generated password is for development use only. Your security configuration must be updated before running your application in production.

2025-08-03T10:44:41.054+02:00  INFO 26728 --- [camerannonces-backend] [           main] r$InitializeUserDetailsManagerConfigurer : Global AuthenticationManager configured with UserDetailsService bean with name inMemoryUserDetailsManager
2025-08-03T10:44:41.810+02:00  INFO 26728 --- [camerannonces-backend] [           main] c.c.CamerannoncesBackendApplicationTests : Started CamerannoncesBackendApplicationTests in 12.145 seconds (process running for 13.786)
Hibernate: 
    select
        count(*) 
    from
        users u1_0
Hibernate: 
    select
        count(*) 
    from
        categories c1_0
Hibernate: 
    select
        count(*) 
    from
        cities c1_0
Hibernate: 
    select
        count(*) 
    from
        listings l1_0
📊 STATISTIQUES BASE DE DONNÉES:
👥 Utilisateurs: 3
📂 Catégories: 12
🏙️ Villes: 25
📝 Annonces: 15
✅ Connexion base de données réussie !
]]></system-out>
    <system-err><![CDATA[Mockito is currently self-attaching to enable the inline-mock-maker. This will no longer work in future releases of the JDK. Please add Mockito as an agent to your build as described in Mockito's documentation: https://javadoc.io/doc/org.mockito/mockito-core/latest/org.mockito/org/mockito/Mockito.html#0.3
WARNING: A Java agent has been loaded dynamically (C:\Users\Ngnimpea Durio\.m2\repository\net\bytebuddy\byte-buddy-agent\1.17.6\byte-buddy-agent-1.17.6.jar)
WARNING: If a serviceability tool is in use, please run with -XX:+EnableDynamicAgentLoading to hide this warning
WARNING: If a serviceability tool is not in use, please run with -Djdk.instrument.traceUsage for more information
WARNING: Dynamic loading of agents will be disallowed by default in a future release
]]></system-err>
  </testcase>
  <testcase name="testCityRepository" classname="com.camerannonces.CamerannoncesBackendApplicationTests" time="0.223">
    <system-out><![CDATA[Hibernate: 
    select
        c1_0.id,
        c1_0.date_creation,
        c1_0.is_active,
        c1_0.nom,
        c1_0.region 
    from
        cities c1_0 
    where
        c1_0.is_active 
    order by
        c1_0.nom
🏙️ VILLES PAR RÉGION:
Hibernate: 
    select
        distinct c1_0.region 
    from
        cities c1_0 
    order by
        c1_0.region
Hibernate: 
    select
        c1_0.id,
        c1_0.date_creation,
        c1_0.is_active,
        c1_0.nom,
        c1_0.region 
    from
        cities c1_0 
    where
        c1_0.region=? 
        and c1_0.is_active
  📍 Adamaoua: 2 villes
Hibernate: 
    select
        c1_0.id,
        c1_0.date_creation,
        c1_0.is_active,
        c1_0.nom,
        c1_0.region 
    from
        cities c1_0 
    where
        c1_0.region=? 
        and c1_0.is_active
  📍 Centre: 3 villes
Hibernate: 
    select
        c1_0.id,
        c1_0.date_creation,
        c1_0.is_active,
        c1_0.nom,
        c1_0.region 
    from
        cities c1_0 
    where
        c1_0.region=? 
        and c1_0.is_active
  📍 Est: 2 villes
Hibernate: 
    select
        c1_0.id,
        c1_0.date_creation,
        c1_0.is_active,
        c1_0.nom,
        c1_0.region 
    from
        cities c1_0 
    where
        c1_0.region=? 
        and c1_0.is_active
  📍 Extrême-Nord: 2 villes
Hibernate: 
    select
        c1_0.id,
        c1_0.date_creation,
        c1_0.is_active,
        c1_0.nom,
        c1_0.region 
    from
        cities c1_0 
    where
        c1_0.region=? 
        and c1_0.is_active
  📍 Littoral: 3 villes
Hibernate: 
    select
        c1_0.id,
        c1_0.date_creation,
        c1_0.is_active,
        c1_0.nom,
        c1_0.region 
    from
        cities c1_0 
    where
        c1_0.region=? 
        and c1_0.is_active
  📍 Nord: 2 villes
Hibernate: 
    select
        c1_0.id,
        c1_0.date_creation,
        c1_0.is_active,
        c1_0.nom,
        c1_0.region 
    from
        cities c1_0 
    where
        c1_0.region=? 
        and c1_0.is_active
  📍 Nord-Ouest: 3 villes
Hibernate: 
    select
        c1_0.id,
        c1_0.date_creation,
        c1_0.is_active,
        c1_0.nom,
        c1_0.region 
    from
        cities c1_0 
    where
        c1_0.region=? 
        and c1_0.is_active
  📍 Ouest: 3 villes
Hibernate: 
    select
        c1_0.id,
        c1_0.date_creation,
        c1_0.is_active,
        c1_0.nom,
        c1_0.region 
    from
        cities c1_0 
    where
        c1_0.region=? 
        and c1_0.is_active
  📍 Sud: 2 villes
Hibernate: 
    select
        c1_0.id,
        c1_0.date_creation,
        c1_0.is_active,
        c1_0.nom,
        c1_0.region 
    from
        cities c1_0 
    where
        c1_0.region=? 
        and c1_0.is_active
  📍 Sud-Ouest: 3 villes
Hibernate: 
    select
        c1_0.id,
        c1_0.date_creation,
        c1_0.is_active,
        c1_0.nom,
        c1_0.region 
    from
        cities c1_0 
    where
        c1_0.nom=?
✅ Repository City fonctionne !
]]></system-out>
  </testcase>
  <testcase name="testListingRepository" classname="com.camerannonces.CamerannoncesBackendApplicationTests" time="0.065">
    <system-out><![CDATA[Hibernate: 
    select
        count(l1_0.id) 
    from
        listings l1_0 
    where
        l1_0.statut=?
📝 ANNONCES ACTIVES: 15
Hibernate: 
    select
        l1_0.id,
        l1_0.adresse_complete,
        l1_0.category_id,
        l1_0.contacts_whatsapp,
        l1_0.date_creation,
        l1_0.date_derniere_remontee,
        l1_0.date_expiration,
        l1_0.date_verification,
        l1_0.description,
        l1_0.email_contact,
        l1_0.etat_produit,
        l1_0.is_premium,
        l1_0.is_urgent,
        l1_0.is_verified,
        l1_0.livraison_domicile,
        l1_0.livraison_gare,
        l1_0.livraison_sur_place,
        l1_0.paiement_cash,
        l1_0.paiement_mobile_money,
        l1_0.paiement_virement,
        l1_0.prix,
        l1_0.prix_negociable,
        l1_0.quartier,
        l1_0.statut,
        l1_0.telephone_contact,
        l1_0.titre,
        l1_0.user_id,
        l1_0.ville,
        l1_0.vues 
    from
        listings l1_0 
    where
        l1_0.statut=? 
    fetch
        first ? rows only
Hibernate: 
    select
        count(l1_0.id) 
    from
        listings l1_0 
    where
        l1_0.statut=?
📄 Première page: 5 annonces
  📱 iPhone 13 Pro Max 256GB - 450000 FCFA - Douala
  📱 Samsung Galaxy A54 Neuf - 195000 FCFA - Yaoundé
  📱 Toyota Corolla 2018 - 8500000 FCFA - Douala
  📱 Moto Yamaha 125cc - 750000 FCFA - Bafoussam
  📱 Appartement 3 chambres Bastos - 180000 FCFA - Yaoundé
Hibernate: 
    select
        l1_0.id,
        l1_0.adresse_complete,
        l1_0.category_id,
        l1_0.contacts_whatsapp,
        l1_0.date_creation,
        l1_0.date_derniere_remontee,
        l1_0.date_expiration,
        l1_0.date_verification,
        l1_0.description,
        l1_0.email_contact,
        l1_0.etat_produit,
        l1_0.is_premium,
        l1_0.is_urgent,
        l1_0.is_verified,
        l1_0.livraison_domicile,
        l1_0.livraison_gare,
        l1_0.livraison_sur_place,
        l1_0.paiement_cash,
        l1_0.paiement_mobile_money,
        l1_0.paiement_virement,
        l1_0.prix,
        l1_0.prix_negociable,
        l1_0.quartier,
        l1_0.statut,
        l1_0.telephone_contact,
        l1_0.titre,
        l1_0.user_id,
        l1_0.ville,
        l1_0.vues 
    from
        listings l1_0 
    left join
        categories c1_0 
            on c1_0.id=l1_0.category_id 
    where
        c1_0.id=? 
        and l1_0.statut=? 
    fetch
        first ? rows only
📱 Annonces téléphones: 2
✅ Repository Listing fonctionne !
]]></system-out>
  </testcase>
  <testcase name="testSearchFunctionality" classname="com.camerannonces.CamerannoncesBackendApplicationTests" time="0.05">
    <system-out><![CDATA[Hibernate: 
    select
        l1_0.id,
        l1_0.adresse_complete,
        l1_0.category_id,
        l1_0.contacts_whatsapp,
        l1_0.date_creation,
        l1_0.date_derniere_remontee,
        l1_0.date_expiration,
        l1_0.date_verification,
        l1_0.description,
        l1_0.email_contact,
        l1_0.etat_produit,
        l1_0.is_premium,
        l1_0.is_urgent,
        l1_0.is_verified,
        l1_0.livraison_domicile,
        l1_0.livraison_gare,
        l1_0.livraison_sur_place,
        l1_0.paiement_cash,
        l1_0.paiement_mobile_money,
        l1_0.paiement_virement,
        l1_0.prix,
        l1_0.prix_negociable,
        l1_0.quartier,
        l1_0.statut,
        l1_0.telephone_contact,
        l1_0.titre,
        l1_0.user_id,
        l1_0.ville,
        l1_0.vues 
    from
        listings l1_0 
    where
        l1_0.statut=? 
        and (
            lower(l1_0.titre) like lower(('%'||?||'%')) escape '' 
            or lower(l1_0.description) like lower(('%'||?||'%')) escape ''
        ) 
    fetch
        first ? rows only
🔍 RECHERCHE 'iPhone': 1 résultats
Hibernate: 
    select
        l1_0.id,
        l1_0.adresse_complete,
        l1_0.category_id,
        l1_0.contacts_whatsapp,
        l1_0.date_creation,
        l1_0.date_derniere_remontee,
        l1_0.date_expiration,
        l1_0.date_verification,
        l1_0.description,
        l1_0.email_contact,
        l1_0.etat_produit,
        l1_0.is_premium,
        l1_0.is_urgent,
        l1_0.is_verified,
        l1_0.livraison_domicile,
        l1_0.livraison_gare,
        l1_0.livraison_sur_place,
        l1_0.paiement_cash,
        l1_0.paiement_mobile_money,
        l1_0.paiement_virement,
        l1_0.prix,
        l1_0.prix_negociable,
        l1_0.quartier,
        l1_0.statut,
        l1_0.telephone_contact,
        l1_0.titre,
        l1_0.user_id,
        l1_0.ville,
        l1_0.vues 
    from
        listings l1_0 
    where
        l1_0.ville=? 
        and l1_0.statut=? 
    fetch
        first ? rows only
Hibernate: 
    select
        count(l1_0.id) 
    from
        listings l1_0 
    where
        l1_0.ville=? 
        and l1_0.statut=?
🏙️ ANNONCES DOUALA: 8 résultats
Hibernate: 
    select
        l1_0.id,
        l1_0.adresse_complete,
        l1_0.category_id,
        l1_0.contacts_whatsapp,
        l1_0.date_creation,
        l1_0.date_derniere_remontee,
        l1_0.date_expiration,
        l1_0.date_verification,
        l1_0.description,
        l1_0.email_contact,
        l1_0.etat_produit,
        l1_0.is_premium,
        l1_0.is_urgent,
        l1_0.is_verified,
        l1_0.livraison_domicile,
        l1_0.livraison_gare,
        l1_0.livraison_sur_place,
        l1_0.paiement_cash,
        l1_0.paiement_mobile_money,
        l1_0.paiement_virement,
        l1_0.prix,
        l1_0.prix_negociable,
        l1_0.quartier,
        l1_0.statut,
        l1_0.telephone_contact,
        l1_0.titre,
        l1_0.user_id,
        l1_0.ville,
        l1_0.vues 
    from
        listings l1_0 
    where
        (
            ? is null 
            or l1_0.category_id=?
        ) 
        and (
            ? is null 
            or l1_0.ville=?
        ) 
        and (
            ? is null 
            or l1_0.quartier=?
        ) 
        and (
            ? is null 
            or l1_0.prix>=?
        ) 
        and (
            ? is null 
            or l1_0.prix<=?
        ) 
        and (
            ? is null 
            or l1_0.etat_produit=?
        ) 
        and (
            ? is null 
            or l1_0.prix_negociable=?
        ) 
        and l1_0.statut=? 
    fetch
        first ? rows only
🔍 RECHERCHE AVANCÉE: 1 résultats
✅ Fonctionnalités de recherche opérationnelles !
]]></system-out>
  </testcase>
  <testcase name="testStatistics" classname="com.camerannonces.CamerannoncesBackendApplicationTests" time="0.033">
    <system-out><![CDATA[📊 STATISTIQUES DÉTAILLÉES:
Hibernate: 
    select
        c1_0.nom,
        count(l1_0.id) 
    from
        listings l1_0 
    join
        categories c1_0 
            on c1_0.id=l1_0.category_id 
    where
        l1_0.statut=? 
    group by
        c1_0.id
📂 Par catégorie:
  Téléphones & Accessoires: 2 annonces
  Véhicules: 2 annonces
  Immobilier: 2 annonces
  Mode & Beauté: 2 annonces
  Emplois & Services: 1 annonces
  Électronique: 2 annonces
  Mariage & Événements: 1 annonces
  Agriculture & Élevage: 1 annonces
  Éducation: 1 annonces
  Alimentation: 1 annonces
Hibernate: 
    select
        l1_0.ville,
        count(l1_0.id) 
    from
        listings l1_0 
    where
        l1_0.statut=? 
    group by
        l1_0.ville 
    order by
        count(l1_0.id) desc
🏙️ Par ville (top 5):
  Douala: 8 annonces
  Yaoundé: 5 annonces
  Bafoussam: 2 annonces
Hibernate: 
    select
        u1_0.plan_actuel,
        count(u1_0.id) 
    from
        users u1_0 
    group by
        u1_0.plan_actuel
👥 Par plan:
  PRO: 1 utilisateurs
  GRATUIT: 1 utilisateurs
  BASIC: 1 utilisateurs
✅ Statistiques générées avec succès !
]]></system-out>
  </testcase>
  <testcase name="testCategoryRepository" classname="com.camerannonces.CamerannoncesBackendApplicationTests" time="0.023">
    <system-out><![CDATA[Hibernate: 
    select
        c1_0.id,
        c1_0.date_creation,
        c1_0.description,
        c1_0.emoji,
        c1_0.is_active,
        c1_0.nom,
        c1_0.nom_anglais,
        c1_0.ordre_affichage 
    from
        categories c1_0 
    where
        c1_0.is_active 
    order by
        c1_0.ordre_affichage
📂 CATÉGORIES TROUVÉES:
  📱 Téléphones & Accessoires (Phones & Accessories)
  🚗 Véhicules (Vehicles)
  🏠 Immobilier (Real Estate)
  👕 Mode & Beauté (Fashion & Beauty)
  💼 Emplois & Services (Jobs & Services)
  🖥️ Électronique (Electronics)
  🎉 Mariage & Événements (Wedding & Events)
  🛠️ Services Domestiques (Home Services)
  🐔 Agriculture & Élevage (Agriculture & Livestock)
  📚 Éducation (Education)
  🍖 Alimentation (Food)
  🧩 Autres (Others)
Hibernate: 
    select
        c1_0.id,
        c1_0.date_creation,
        c1_0.description,
        c1_0.emoji,
        c1_0.is_active,
        c1_0.nom,
        c1_0.nom_anglais,
        c1_0.ordre_affichage 
    from
        categories c1_0 
    where
        c1_0.nom=?
✅ Repository Category fonctionne !
]]></system-out>
  </testcase>
  <testcase name="testDataIntegrity" classname="com.camerannonces.CamerannoncesBackendApplicationTests" time="0.044">
    <system-out><![CDATA[🔍 VÉRIFICATION INTÉGRITÉ DES DONNÉES:
Hibernate: 
    select
        l1_0.id,
        l1_0.adresse_complete,
        l1_0.category_id,
        l1_0.contacts_whatsapp,
        l1_0.date_creation,
        l1_0.date_derniere_remontee,
        l1_0.date_expiration,
        l1_0.date_verification,
        l1_0.description,
        l1_0.email_contact,
        l1_0.etat_produit,
        l1_0.is_premium,
        l1_0.is_urgent,
        l1_0.is_verified,
        l1_0.livraison_domicile,
        l1_0.livraison_gare,
        l1_0.livraison_sur_place,
        l1_0.paiement_cash,
        l1_0.paiement_mobile_money,
        l1_0.paiement_virement,
        l1_0.prix,
        l1_0.prix_negociable,
        l1_0.quartier,
        l1_0.statut,
        l1_0.telephone_contact,
        l1_0.titre,
        l1_0.user_id,
        l1_0.ville,
        l1_0.vues 
    from
        listings l1_0
Hibernate: 
    select
        l1_0.id,
        l1_0.adresse_complete,
        l1_0.category_id,
        l1_0.contacts_whatsapp,
        l1_0.date_creation,
        l1_0.date_derniere_remontee,
        l1_0.date_expiration,
        l1_0.date_verification,
        l1_0.description,
        l1_0.email_contact,
        l1_0.etat_produit,
        l1_0.is_premium,
        l1_0.is_urgent,
        l1_0.is_verified,
        l1_0.livraison_domicile,
        l1_0.livraison_gare,
        l1_0.livraison_sur_place,
        l1_0.paiement_cash,
        l1_0.paiement_mobile_money,
        l1_0.paiement_virement,
        l1_0.prix,
        l1_0.prix_negociable,
        l1_0.quartier,
        l1_0.statut,
        l1_0.telephone_contact,
        l1_0.titre,
        l1_0.user_id,
        l1_0.ville,
        l1_0.vues 
    from
        listings l1_0
Hibernate: 
    select
        u1_0.id,
        u1_0.annonces_publiees_ce_mois,
        u1_0.date_creation,
        u1_0.date_expiration_plan,
        u1_0.derniere_connexion,
        u1_0.derniere_reinitialisation_compteur,
        u1_0.description_boutique,
        u1_0.email,
        u1_0.is_active,
        u1_0.is_boutique,
        u1_0.mot_de_passe,
        u1_0.nom,
        u1_0.nom_boutique,
        u1_0.plan_actuel,
        u1_0.quartier,
        u1_0.telephone,
        u1_0.ville 
    from
        users u1_0
✅ Intégrité des données vérifiée !
]]></system-out>
  </testcase>
  <testcase name="contextLoads" classname="com.camerannonces.CamerannoncesBackendApplicationTests" time="0.009">
    <system-out><![CDATA[✅ Tous les repositories sont chargés correctement !
]]></system-out>
  </testcase>
  <testcase name="testFinalSummary" classname="com.camerannonces.CamerannoncesBackendApplicationTests" time="0.059">
    <system-out><![CDATA[
==================================================
🎉 RÉSUMÉ FINAL DES TESTS
==================================================
📊 BASE DE DONNÉES:
Hibernate: 
    select
        count(*) 
    from
        users u1_0
  👥 Utilisateurs: 3
Hibernate: 
    select
        count(*) 
    from
        categories c1_0
  📂 Catégories: 12
Hibernate: 
    select
        count(*) 
    from
        cities c1_0
  🏙️ Villes: 25
Hibernate: 
    select
        count(*) 
    from
        quartiers q1_0
  🏘️ Quartiers: 24
Hibernate: 
    select
        count(*) 
    from
        listings l1_0
  📝 Annonces: 15
Hibernate: 
    select
        count(*) 
    from
        listing_images li1_0
  🖼️ Images: 8
Hibernate: 
    select
        count(*) 
    from
        user_favorites uf1_0
  ❤️ Favoris: 6
Hibernate: 
    select
        count(*) 
    from
        signals s1_0
  🚨 Signalements: 2

✅ TOUS LES TESTS RÉUSSIS !
🚀 Votre backend est prêt pour la Phase G !
==================================================
]]></system-out>
  </testcase>
  <testcase name="testUserRepository" classname="com.camerannonces.CamerannoncesBackendApplicationTests" time="0.023">
    <system-out><![CDATA[Hibernate: 
    select
        count(*) 
    from
        users u1_0
Hibernate: 
    select
        count(u1_0.id) 
    from
        users u1_0 
    where
        u1_0.is_boutique=true
👥 UTILISATEURS:
  Total: 3
  Boutiques: 1
Hibernate: 
    select
        u1_0.id,
        u1_0.annonces_publiees_ce_mois,
        u1_0.date_creation,
        u1_0.date_expiration_plan,
        u1_0.derniere_connexion,
        u1_0.derniere_reinitialisation_compteur,
        u1_0.description_boutique,
        u1_0.email,
        u1_0.is_active,
        u1_0.is_boutique,
        u1_0.mot_de_passe,
        u1_0.nom,
        u1_0.nom_boutique,
        u1_0.plan_actuel,
        u1_0.quartier,
        u1_0.telephone,
        u1_0.ville 
    from
        users u1_0 
    where
        u1_0.plan_actuel=?
  Plan gratuit: 1
Hibernate: 
    select
        u1_0.id,
        u1_0.annonces_publiees_ce_mois,
        u1_0.date_creation,
        u1_0.date_expiration_plan,
        u1_0.derniere_connexion,
        u1_0.derniere_reinitialisation_compteur,
        u1_0.description_boutique,
        u1_0.email,
        u1_0.is_active,
        u1_0.is_boutique,
        u1_0.mot_de_passe,
        u1_0.nom,
        u1_0.nom_boutique,
        u1_0.plan_actuel,
        u1_0.quartier,
        u1_0.telephone,
        u1_0.ville 
    from
        users u1_0 
    where
        u1_0.is_active
  Actifs: 3
✅ Repository User fonctionne !
]]></system-out>
  </testcase>
</testsuite>